-------------------------------------------------------------------------------
Test set: com.hotel.HotelMicroserviceApplicationTests
-------------------------------------------------------------------------------
Tests run: 1, Failures: 0, Errors: 1, Skipped: 0, Time elapsed: 26.555 s <<< FAILURE! - in com.hotel.HotelMicroserviceApplicationTests
contextLoads  Time elapsed: 0.008 s  <<< ERROR!
java.lang.IllegalStateException: Failed to load ApplicationContext
Caused by: org.springframework.beans.factory.UnsatisfiedDependencyException: Error creating bean with name 'hotelController': Unsatisfied dependency expressed through field 'hotelServiceImpl'; nested exception is org.springframework.beans.factory.UnsatisfiedDependencyException: Error creating bean with name 'hotelServiceImpl': Unsatisfied dependency expressed through field 'hotelRepository'; nested exception is org.springframework.beans.factory.BeanCreationException: Error creating bean with name 'hotelRepository' defined in com.hotel.repository.HotelRepository defined in @EnableJpaRepositories declared on JpaRepositoriesRegistrar.EnableJpaRepositoriesConfiguration: Invocation of init method failed; nested exception is org.springframework.data.repository.query.QueryCreationException: Could not create query for public abstract java.util.List com.hotel.repository.HotelRepository.findByRatingPriceAndAmenities(java.util.Set,java.util.Set,double); Reason: Using named parameters for method public abstract java.util.List com.hotel.repository.HotelRepository.findByRatingPriceAndAmenities(java.util.Set,java.util.Set,double) but parameter 'Optional[amenitiesSet]' not found in annotated query 'select * from HOTELS where starRating in :ratingsSet'!; nested exception is java.lang.IllegalStateException: Using named parameters for method public abstract java.util.List com.hotel.repository.HotelRepository.findByRatingPriceAndAmenities(java.util.Set,java.util.Set,double) but parameter 'Optional[amenitiesSet]' not found in annotated query 'select * from HOTELS where starRating in :ratingsSet'!
Caused by: org.springframework.beans.factory.UnsatisfiedDependencyException: Error creating bean with name 'hotelServiceImpl': Unsatisfied dependency expressed through field 'hotelRepository'; nested exception is org.springframework.beans.factory.BeanCreationException: Error creating bean with name 'hotelRepository' defined in com.hotel.repository.HotelRepository defined in @EnableJpaRepositories declared on JpaRepositoriesRegistrar.EnableJpaRepositoriesConfiguration: Invocation of init method failed; nested exception is org.springframework.data.repository.query.QueryCreationException: Could not create query for public abstract java.util.List com.hotel.repository.HotelRepository.findByRatingPriceAndAmenities(java.util.Set,java.util.Set,double); Reason: Using named parameters for method public abstract java.util.List com.hotel.repository.HotelRepository.findByRatingPriceAndAmenities(java.util.Set,java.util.Set,double) but parameter 'Optional[amenitiesSet]' not found in annotated query 'select * from HOTELS where starRating in :ratingsSet'!; nested exception is java.lang.IllegalStateException: Using named parameters for method public abstract java.util.List com.hotel.repository.HotelRepository.findByRatingPriceAndAmenities(java.util.Set,java.util.Set,double) but parameter 'Optional[amenitiesSet]' not found in annotated query 'select * from HOTELS where starRating in :ratingsSet'!
Caused by: org.springframework.beans.factory.BeanCreationException: Error creating bean with name 'hotelRepository' defined in com.hotel.repository.HotelRepository defined in @EnableJpaRepositories declared on JpaRepositoriesRegistrar.EnableJpaRepositoriesConfiguration: Invocation of init method failed; nested exception is org.springframework.data.repository.query.QueryCreationException: Could not create query for public abstract java.util.List com.hotel.repository.HotelRepository.findByRatingPriceAndAmenities(java.util.Set,java.util.Set,double); Reason: Using named parameters for method public abstract java.util.List com.hotel.repository.HotelRepository.findByRatingPriceAndAmenities(java.util.Set,java.util.Set,double) but parameter 'Optional[amenitiesSet]' not found in annotated query 'select * from HOTELS where starRating in :ratingsSet'!; nested exception is java.lang.IllegalStateException: Using named parameters for method public abstract java.util.List com.hotel.repository.HotelRepository.findByRatingPriceAndAmenities(java.util.Set,java.util.Set,double) but parameter 'Optional[amenitiesSet]' not found in annotated query 'select * from HOTELS where starRating in :ratingsSet'!
Caused by: org.springframework.data.repository.query.QueryCreationException: Could not create query for public abstract java.util.List com.hotel.repository.HotelRepository.findByRatingPriceAndAmenities(java.util.Set,java.util.Set,double); Reason: Using named parameters for method public abstract java.util.List com.hotel.repository.HotelRepository.findByRatingPriceAndAmenities(java.util.Set,java.util.Set,double) but parameter 'Optional[amenitiesSet]' not found in annotated query 'select * from HOTELS where starRating in :ratingsSet'!; nested exception is java.lang.IllegalStateException: Using named parameters for method public abstract java.util.List com.hotel.repository.HotelRepository.findByRatingPriceAndAmenities(java.util.Set,java.util.Set,double) but parameter 'Optional[amenitiesSet]' not found in annotated query 'select * from HOTELS where starRating in :ratingsSet'!
Caused by: java.lang.IllegalStateException: Using named parameters for method public abstract java.util.List com.hotel.repository.HotelRepository.findByRatingPriceAndAmenities(java.util.Set,java.util.Set,double) but parameter 'Optional[amenitiesSet]' not found in annotated query 'select * from HOTELS where starRating in :ratingsSet'!

